Script started on Thu 30 Jul 2015 10:57:52 PM CDT
scb83@athena:~/cs3358/Assign06/myFiles/partTwo$ ./a6p2
p(x,n) = p(-2, 0) =  -1x^0= -1
p(x,n) = p(-1, 0) =  -1x^0= -1
p(x,n) = p(0, 0) =  -1x^0= -1
p(x,n) = p(1, 0) =  -1x^0= -1
p(x,n) = p(2, 0) =  -1x^0= -1

p(x,n) = p(-2, 1) =  -1x^0 +8x^1= -17
p(x,n) = p(-1, 1) =  -1x^0 +8x^1= -9
p(x,n) = p(0, 1) =  -1x^0 +8x^1= -1
p(x,n) = p(1, 1) =  -1x^0 +8x^1= 7
p(x,n) = p(2, 1) =  -1x^0 +8x^1= 15

p(x,n) = p(-2, 3) =  -1x^0 +8x^1 -4x^2 +7x^3= -89
p(x,n) = p(-1, 3) =  -1x^0 +8x^1 -4x^2 +7x^3= -20
p(x,n) = p(0, 3) =  -1x^0 +8x^1 -4x^2 +7x^3= -1
p(x,n) = p(1, 3) =  -1x^0 +8x^1 -4x^2 +7x^3= 10
p(x,n) = p(2, 3) =  -1x^0 +8x^1 -4x^2 +7x^3= 55

p(x,n) = p(-2, 5) =  -1x^0 +8x^1 -4x^2 +7x^3 +0x^4 -3x^5= 7
p(x,n) = p(-1, 5) =  -1x^0 +8x^1 -4x^2 +7x^3 +0x^4 -3x^5= -17
p(x,n) = p(0, 5) =  -1x^0 +8x^1 -4x^2 +7x^3 +0x^4 -3x^5= -1
p(x,n) = p(1, 5) =  -1x^0 +8x^1 -4x^2 +7x^3 +0x^4 -3x^5= 7
p(x,n) = p(2, 5) =  -1x^0 +8x^1 -4x^2 +7x^3 +0x^4 -3x^5= -41

p(x,n) = p(-2, 8) =  -1x^0 +8x^1 -4x^2 +7x^3 +0x^4 -3x^5 -6x^6 +2x^7 +5x^8= 647
p(x,n) = p(-1, 8) =  -1x^0 +8x^1 -4x^2 +7x^3 +0x^4 -3x^5 -6x^6 +2x^7 +5x^8= -20
p(x,n) = p(0, 8) =  -1x^0 +8x^1 -4x^2 +7x^3 +0x^4 -3x^5 -6x^6 +2x^7 +5x^8= -1
p(x,n) = p(1, 8) =  -1x^0 +8x^1 -4x^2 +7x^3 +0x^4 -3x^5 -6x^6 +2x^7 +5x^8= 8
p(x,n) = p(2, 8) =  -1x^0 +8x^1 -4x^2 +7x^3 +0x^4 -3x^5 -6x^6 +2x^7 +5x^8= 1111

sh: 1: pause: not found
scb83@athena:~/cs3358/Assign06/myFiles/partTwo$ exit
exit

Script done on Thu 30 Jul 2015 10:58:30 PM CDT
